  [1m[36mActiveRecord::InternalMetadata Load (0.6ms)[0m  [1m[34mSELECT * FROM "ar_internal_metadata" WHERE "ar_internal_metadata"."key" = ? ORDER BY "ar_internal_metadata"."key" ASC LIMIT 1[0m  [[nil, "environment"]]
  [1m[36mActiveRecord::SchemaMigration Load (0.1ms)[0m  [1m[34mSELECT "schema_migrations"."version" FROM "schema_migrations" ORDER BY "schema_migrations"."version" ASC[0m
Migrating to CreateGarages (20250227221304)
  [1m[36mTRANSACTION (0.0ms)[0m  [1m[36mbegin transaction[0m
  [1m[35m (1.5ms)[0m  [1m[35mCREATE TABLE "garages" ("id" integer PRIMARY KEY AUTOINCREMENT NOT NULL, "subdomain" varchar, "created_at" datetime(6) NOT NULL, "updated_at" datetime(6) NOT NULL)[0m
  [1m[35m (0.1ms)[0m  [1m[35mCREATE INDEX "index_garages_on_subdomain" ON "garages" ("subdomain")[0m
  [1m[36mActiveRecord::SchemaMigration Create (0.3ms)[0m  [1m[32mINSERT INTO "schema_migrations" ("version") VALUES ('20250227221304') RETURNING "version"[0m
  [1m[36mTRANSACTION (0.2ms)[0m  [1m[36mcommit transaction[0m
  [1m[36mActiveRecord::SchemaMigration Load (0.0ms)[0m  [1m[34mSELECT "schema_migrations"."version" FROM "schema_migrations" ORDER BY "schema_migrations"."version" ASC[0m
  [1m[36mGarage Count (0.6ms)[0m  [1m[34mSELECT COUNT(*) FROM "garages"[0m
  [1m[36mTRANSACTION (0.1ms)[0m  [1m[36mbegin transaction[0m
  [1m[36mGarage Create (0.8ms)[0m  [1m[32mINSERT INTO "garages" ("subdomain", "created_at", "updated_at") VALUES (?, ?, ?) RETURNING "id"[0m  [["subdomain", "gc"], ["created_at", "2025-02-27 22:14:52.601015"], ["updated_at", "2025-02-27 22:14:52.601015"]]
  [1m[36mTRANSACTION (0.6ms)[0m  [1m[36mcommit transaction[0m
  [1m[36mGarage Load (0.3ms)[0m  [1m[34mSELECT "garages".* FROM "garages" ORDER BY "garages"."id" DESC LIMIT ?[0m  [["LIMIT", 1]]
  [1m[36mGarage Load (0.7ms)[0m  [1m[34mSELECT "garages".* FROM "garages" ORDER BY "garages"."id" DESC LIMIT ?[0m  [["LIMIT", 1]]
  [1m[36mActiveRecord::InternalMetadata Load (0.6ms)[0m  [1m[34mSELECT * FROM "ar_internal_metadata" WHERE "ar_internal_metadata"."key" = ? ORDER BY "ar_internal_metadata"."key" ASC LIMIT 1[0m  [[nil, "environment"]]
  [1m[36mActiveRecord::SchemaMigration Load (0.0ms)[0m  [1m[34mSELECT "schema_migrations"."version" FROM "schema_migrations" ORDER BY "schema_migrations"."version" ASC[0m
Migrating to CreateCustomers (20250227221723)
  [1m[36mTRANSACTION (0.0ms)[0m  [1m[36mbegin transaction[0m
  [1m[35m (1.2ms)[0m  [1m[35mCREATE TABLE "customers" ("id" integer PRIMARY KEY AUTOINCREMENT NOT NULL, "name" varchar, "garage_id" integer NOT NULL, "created_at" datetime(6) NOT NULL, "updated_at" datetime(6) NOT NULL, CONSTRAINT "fk_rails_5c1e1e5852"
FOREIGN KEY ("garage_id")
  REFERENCES "garages" ("id")
)[0m
  [1m[35m (0.1ms)[0m  [1m[35mCREATE INDEX "index_customers_on_garage_id" ON "customers" ("garage_id")[0m
  [1m[36mActiveRecord::SchemaMigration Create (0.3ms)[0m  [1m[32mINSERT INTO "schema_migrations" ("version") VALUES ('20250227221723') RETURNING "version"[0m
  [1m[36mTRANSACTION (0.2ms)[0m  [1m[36mcommit transaction[0m
  [1m[36mActiveRecord::SchemaMigration Load (0.0ms)[0m  [1m[34mSELECT "schema_migrations"."version" FROM "schema_migrations" ORDER BY "schema_migrations"."version" ASC[0m
  [1m[36mGarage Load (0.2ms)[0m  [1m[34mSELECT "garages".* FROM "garages" ORDER BY "garages"."id" DESC LIMIT ?[0m  [["LIMIT", 1]]
  [1m[36mGarage Load (0.5ms)[0m  [1m[34mSELECT "garages".* FROM "garages" ORDER BY "garages"."id" DESC LIMIT ?[0m  [["LIMIT", 1]]
  [1m[36mGarage Load (0.7ms)[0m  [1m[34mSELECT "garages".* FROM "garages" ORDER BY "garages"."id" DESC LIMIT ?[0m  [["LIMIT", 1]]
  [1m[36mCustomer Load (0.5ms)[0m  [1m[34mSELECT "customers".* FROM "customers" WHERE "customers"."id" IS NULL LIMIT ?[0m  [["LIMIT", 1]]
  [1m[36mTRANSACTION (0.2ms)[0m  [1m[36mbegin transaction[0m
  [1m[36mGarage Load (0.8ms)[0m  [1m[34mSELECT "garages".* FROM "garages" WHERE "garages"."id" = ? LIMIT ?[0m  [["id", 1], ["LIMIT", 1]]
  [1m[36mCustomer Create (2.1ms)[0m  [1m[32mINSERT INTO "customers" ("name", "garage_id", "created_at", "updated_at") VALUES (?, ?, ?, ?) RETURNING "id"[0m  [["name", "T"], ["garage_id", 1], ["created_at", "2025-02-27 22:33:55.843409"], ["updated_at", "2025-02-27 22:33:55.843409"]]
  [1m[36mTRANSACTION (0.5ms)[0m  [1m[36mcommit transaction[0m
  [1m[36mGarage Load (0.3ms)[0m  [1m[34mSELECT "garages".* FROM "garages" ORDER BY "garages"."id" DESC LIMIT ?[0m  [["LIMIT", 1]]
  [1m[36mGarage Load (0.3ms)[0m  [1m[34mSELECT "garages".* FROM "garages" ORDER BY "garages"."id" DESC LIMIT ?[0m  [["LIMIT", 1]]
  [1m[36mGarage Load (0.7ms)[0m  [1m[34mSELECT "garages".* FROM "garages" WHERE "garages"."id" = ? LIMIT ?[0m  [["id", 1], ["LIMIT", 1]]
  [1m[36mGarage Load (1.0ms)[0m  [1m[34mSELECT "garages".* FROM "garages" ORDER BY "garages"."id" DESC LIMIT ?[0m  [["LIMIT", 1]]
  [1m[36mGarage Load (0.3ms)[0m  [1m[34mSELECT "garages".* FROM "garages" WHERE "garages"."id" = ? LIMIT ?[0m  [["id", 1], ["LIMIT", 1]]
  [1m[36mActiveRecord::SchemaMigration Load (0.3ms)[0m  [1m[34mSELECT "schema_migrations"."version" FROM "schema_migrations" ORDER BY "schema_migrations"."version" ASC[0m
  [1m[36mActiveRecord::SchemaMigration Load (0.0ms)[0m  [1m[34mSELECT "schema_migrations"."version" FROM "schema_migrations" ORDER BY "schema_migrations"."version" ASC[0m
  [1m[36mActiveRecord::SchemaMigration Load (0.0ms)[0m  [1m[34mSELECT "schema_migrations"."version" FROM "schema_migrations" ORDER BY "schema_migrations"."version" ASC[0m
  [1m[36mActiveRecord::SchemaMigration Load (0.0ms)[0m  [1m[34mSELECT "schema_migrations"."version" FROM "schema_migrations" ORDER BY "schema_migrations"."version" ASC[0m
Migrating to CreateCustomers (20250227221723)
  [1m[36mTRANSACTION (0.0ms)[0m  [1m[36mbegin transaction[0m
  [1m[35m (1.5ms)[0m  [1m[35mDROP TABLE "customers"[0m
  [1m[36mActiveRecord::SchemaMigration Destroy (0.0ms)[0m  [1m[31mDELETE FROM "schema_migrations" WHERE "schema_migrations"."version" = '20250227221723'[0m
  [1m[36mTRANSACTION (0.2ms)[0m  [1m[36mcommit transaction[0m
  [1m[36mActiveRecord::SchemaMigration Load (0.0ms)[0m  [1m[34mSELECT "schema_migrations"."version" FROM "schema_migrations" ORDER BY "schema_migrations"."version" ASC[0m
  [1m[36mActiveRecord::SchemaMigration Load (0.1ms)[0m  [1m[34mSELECT "schema_migrations"."version" FROM "schema_migrations" ORDER BY "schema_migrations"."version" ASC[0m
  [1m[36mActiveRecord::SchemaMigration Load (0.0ms)[0m  [1m[34mSELECT "schema_migrations"."version" FROM "schema_migrations" ORDER BY "schema_migrations"."version" ASC[0m
  [1m[36mActiveRecord::SchemaMigration Load (0.0ms)[0m  [1m[34mSELECT "schema_migrations"."version" FROM "schema_migrations" ORDER BY "schema_migrations"."version" ASC[0m
  [1m[36mActiveRecord::SchemaMigration Load (0.0ms)[0m  [1m[34mSELECT "schema_migrations"."version" FROM "schema_migrations" ORDER BY "schema_migrations"."version" ASC[0m
Migrating to CreateGarages (20250227221304)
  [1m[36mTRANSACTION (0.0ms)[0m  [1m[36mbegin transaction[0m
  [1m[35mSQL (0.2ms)[0m  [1m[35mDROP INDEX "index_garages_on_subdomain"[0m
  [1m[35m (0.1ms)[0m  [1m[35mDROP TABLE "garages"[0m
  [1m[36mActiveRecord::SchemaMigration Destroy (0.0ms)[0m  [1m[31mDELETE FROM "schema_migrations" WHERE "schema_migrations"."version" = '20250227221304'[0m
  [1m[36mTRANSACTION (0.4ms)[0m  [1m[36mcommit transaction[0m
  [1m[36mActiveRecord::SchemaMigration Load (0.0ms)[0m  [1m[34mSELECT "schema_migrations"."version" FROM "schema_migrations" ORDER BY "schema_migrations"."version" ASC[0m
